<?xml version="1.0" encoding="UTF-8"?>
<!-- Generated by org.testng.reporters.JUnitReportReporter -->
<testsuite hostname="DESKTOP-I6TESBI" failures="0" tests="2" name="Cucumber.Maven.ApiumTest" time="0.020" errors="0" timestamp="11 Jan 2021 19:26:49 GMT" skipped="0">
  <testcase classname="Cucumber.Maven.ApiumTest" name="nativeAppAndroid" time="0.010"/>
  <testcase classname="Cucumber.Maven.ApiumTest" name="IOSApps" time="0.010"/>
</testsuite> <!-- Cucumber.Maven.ApiumTest -->
