<?xml version="1.0" encoding="UTF-8"?>
<!-- Generated by org.testng.reporters.JUnitReportReporter -->
<testsuite hostname="DESKTOP-I6TESBI" failures="0" tests="2" name="Cucumber.Maven.RestApiTest" time="0.003" errors="0" timestamp="11 Jan 2021 19:26:49 GMT" skipped="0">
  <testcase classname="Cucumber.Maven.RestApiTest" name="postJira" time="0.002"/>
  <testcase classname="Cucumber.Maven.RestApiTest" name="deleteTwitter" time="0.001"/>
</testsuite> <!-- Cucumber.Maven.RestApiTest -->
