<?xml version="1.0" encoding="UTF-8"?>
<!-- Generated by org.testng.reporters.JUnitReportReporter -->
<testsuite hostname="DESKTOP-I6TESBI" failures="0" tests="2" name="Cucumber.Maven.SeleniumTest" time="0.002" errors="0" timestamp="11 Jan 2021 19:26:49 GMT" skipped="0">
  <testcase classname="Cucumber.Maven.SeleniumTest" name="elementsUI" time="0.001"/>
  <testcase classname="Cucumber.Maven.SeleniumTest" name="BrowserAutomation" time="0.001"/>
</testsuite> <!-- Cucumber.Maven.SeleniumTest -->
